<?xml version="1.0" encoding="UTF-8"?>
<!-- Generated by org.testng.reporters.JUnitXMLReporter -->
<testsuite hostname="LAPTOP-5H6EVB33" name="Test" tests="1" failures="1" timestamp="8 Jan 2020 14:21:43 GMT" time="29.437" errors="0">
  <testcase name="verifylogin" time="0.008" classname="testngtesting.testingtest">
    <failure type="java.lang.NullPointerException">
      <![CDATA[java.lang.NullPointerException
	at testngtesting.testingtest.verifylogin(testingtest.java:30)
... Removed 24 stack frames]]>
    </failure>
  </testcase> <!-- verifylogin -->
</testsuite> <!-- Test -->
